<?xml version="1.0" encoding="UTF-8"?>
<testng-results ignored="0" total="1" passed="1" failed="0" skipped="0">
  <reporter-output>
  </reporter-output>
  <suite started-at="2022-05-06T12:33:47 COT" name="Default suite" finished-at="2022-05-06T12:33:52 COT" duration-ms="5716">
    <groups>
    </groups>
    <test started-at="2022-05-06T12:33:47 COT" name="Default test" finished-at="2022-05-06T12:33:52 COT" duration-ms="5716">
      <class name="loginSuite.TC05_LoginExcelData">
        <test-method is-config="true" signature="startWebDriver()[pri:0, instance:loginSuite.TC05_LoginExcelData@9a2ec9b]" started-at="2022-05-06T12:33:47 COT" name="startWebDriver" finished-at="2022-05-06T12:33:49 COT" duration-ms="2649" status="PASS">
          <reporter-output>
          </reporter-output>
        </test-method> <!-- startWebDriver -->
        <test-method signature="TC_01()[pri:0, instance:loginSuite.TC05_LoginExcelData@9a2ec9b]" started-at="2022-05-06T12:33:49 COT" name="TC_01" finished-at="2022-05-06T12:33:52 COT" duration-ms="2906" status="PASS">
          <reporter-output>
          </reporter-output>
        </test-method> <!-- TC_01 -->
        <test-method is-config="true" signature="closeDriver()[pri:0, instance:loginSuite.TC05_LoginExcelData@9a2ec9b]" started-at="2022-05-06T12:33:52 COT" name="closeDriver" finished-at="2022-05-06T12:33:52 COT" duration-ms="119" status="PASS">
          <reporter-output>
          </reporter-output>
        </test-method> <!-- closeDriver -->
      </class> <!-- loginSuite.TC05_LoginExcelData -->
    </test> <!-- Default test -->
  </suite> <!-- Default suite -->
</testng-results>
