<?xml version="1.0" encoding="UTF-8"?>
<testng-results ignored="0" total="1" passed="1" failed="0" skipped="0">
  <reporter-output>
  </reporter-output>
  <suite started-at="2022-03-26T16:51:06Z" name="Default suite" finished-at="2022-03-26T16:51:11Z" duration-ms="5077">
    <groups>
    </groups>
    <test started-at="2022-03-26T16:51:06Z" name="Default test" finished-at="2022-03-26T16:51:11Z" duration-ms="5077">
      <class name="test.TestSel">
        <test-method signature="selenium_test01()[pri:0, instance:test.TestSel@1bd39d3c]" started-at="2022-03-26T10:51:06Z" name="selenium_test01" finished-at="2022-03-26T10:51:11Z" duration-ms="5064" status="PASS">
          <reporter-output>
          </reporter-output>
        </test-method> <!-- selenium_test01 -->
      </class> <!-- test.TestSel -->
    </test> <!-- Default test -->
  </suite> <!-- Default suite -->
</testng-results>
